
cancel----
cancel----array (
  'order_id' => '34',
  'order_sn' => '2016090476254',
  'user_id' => '1',
  'order_status' => '5',
  'shipping_status' => '1',
  'pay_status' => '2',
  'consignee' => 'aiken',
  'country' => '4091',
  'states' => 'NY',
  'city' => 'New York',
  'address' => 'yi lu 45 hao',
  'zipcode' => '100020',
  'tel' => '18823839676',
  'email' => 'zzclslove@sina.com',
  'best_time' => '',
  'sign_building' => '',
  'postscript' => '',
  'shipping_id' => '3',
  'shipping_name' => 'DHL',
  'pay_id' => '2',
  'pay_name' => 'PayPal',
  'how_oos' => 'Don\'t shipping until all products on deck.',
  'how_surplus' => '',
  'pack_name' => '',
  'card_name' => '',
  'card_message' => '',
  'inv_payee' => '',
  'inv_content' => '',
  'goods_amount' => '4.66',
  'shipping_fee' => '13.38',
  'insure_fee' => '0.00',
  'pay_fee' => '0.00',
  'pack_fee' => '0.00',
  'card_fee' => '0.00',
  'goods_discount_fee' => '0.00',
  'money_paid' => '18.04',
  'surplus' => '0.00',
  'integral' => '0',
  'integral_money' => '0.00',
  'bonus' => '0.00',
  'order_amount' => '0.00',
  'from_ad' => '0',
  'referer' => 'Home',
  'add_time' => '1472928064',
  'confirm_time' => '1472928111',
  'pay_time' => '1472928111',
  'shipping_time' => '1472928975',
  'pack_id' => '0',
  'card_id' => '0',
  'bonus_id' => '0',
  'invoice_no' => '111111111111',
  'extension_code' => '',
  'extension_id' => '0',
  'to_buyer' => '',
  'pay_note' => '',
  'agency_id' => '0',
  'inv_type' => '',
  'tax' => '0.00',
  'is_separate' => '0',
  'parent_id' => '0',
  'discount' => '0.00',
  'callback_status' => 'true',
  'lastmodify' => '1472929048',
  'total_fee' => '18.04',
  'formated_goods_amount' => '$4.66',
  'formated_discount' => '$0.00',
  'formated_tax' => '$0.00',
  'formated_shipping_fee' => '$13.38',
  'formated_insure_fee' => '$0.00',
  'formated_pay_fee' => '$0.00',
  'formated_pack_fee' => '$0.00',
  'formated_card_fee' => '$0.00',
  'formated_total_fee' => '$18.04',
  'formated_money_paid' => '$18.04',
  'formated_bonus' => '$0.00',
  'formated_integral_money' => '$0.00',
  'formated_surplus' => '$0.00',
  'formated_order_amount' => '$0.00',
  'formated_add_time' => '2016-09-04 02:41:04',
  'formated_goods_discount_fee' => '$0.00',
)
'3'
'3'
cancel----
cancel----
cancel----
cancel----
cancel----
cancel----
cancel----
cancel----
cancel----
cancel----
cancel----
cancel----
cancel----
cancel----
cancel----
cancel----
cancel----
cancel----
cancel----